c:\users\지우\desktop\residensoong\residensoongg\debug\vc140.pdb
c:\users\지우\desktop\residensoong\residensoongg\debug\vc140.idb
c:\users\지우\desktop\residensoong\residensoongg\debug\control.obj
c:\users\지우\desktop\residensoong\residensoongg\debug\food.obj
c:\users\지우\desktop\residensoong\residensoongg\debug\fullscreenmenu.obj
c:\users\지우\desktop\residensoong\residensoongg\debug\genericdoublelinkedlist.obj
c:\users\지우\desktop\residensoong\residensoongg\debug\manageperson.obj
c:\users\지우\desktop\residensoong\residensoongg\debug\person.obj
c:\users\지우\desktop\residensoong\residensoongg\debug\post.obj
c:\users\지우\desktop\residensoong\residensoongg\debug\residensoong testmain.obj
c:\users\지우\desktop\residensoong\residensoongg\debug\studentmode.obj
c:\users\지우\desktop\residensoong\residensoongg\debug\timecheck.obj
c:\users\지우\desktop\residensoong\residensoongg\debug\residensoongg.ilk
c:\users\지우\desktop\residensoong\residensoongg\debug\residensoongg.exe
c:\users\지우\desktop\residensoong\residensoongg\debug\residensoongg.pdb
c:\users\지우\desktop\residensoong\residensoongg\debug\residensoongg.tlog\cl.command.1.tlog
c:\users\지우\desktop\residensoong\residensoongg\debug\residensoongg.tlog\cl.read.1.tlog
c:\users\지우\desktop\residensoong\residensoongg\debug\residensoongg.tlog\cl.write.1.tlog
c:\users\지우\desktop\residensoong\residensoongg\debug\residensoongg.tlog\link.command.1.tlog
c:\users\지우\desktop\residensoong\residensoongg\debug\residensoongg.tlog\link.read.1.tlog
c:\users\지우\desktop\residensoong\residensoongg\debug\residensoongg.tlog\link.write.1.tlog
